{"C:\\Users\\ADM\\Desktop\\untitled\\src\\controllers\\adminController.js": {"path":"C:\\Users\\ADM\\Desktop\\untitled\\src\\controllers\\adminController.js","statementMap":{"0":{"start":{"line":1,"column":13},"end":{"line":1,"column":43}},"1":{"start":{"line":2,"column":15},"end":{"line":2,"column":34}},"2":{"start":{"line":4,"column":18},"end":{"line":7,"column":1}},"3":{"start":{"line":5,"column":17},"end":{"line":5,"column":51}},"4":{"start":{"line":6,"column":2},"end":{"line":6,"column":19}},"5":{"start":{"line":9,"column":17},"end":{"line":28,"column":1}},"6":{"start":{"line":10,"column":36},"end":{"line":10,"column":44}},"7":{"start":{"line":12,"column":21},"end":{"line":12,"column":50}},"8":{"start":{"line":13,"column":2},"end":{"line":15,"column":3}},"9":{"start":{"line":14,"column":4},"end":{"line":14,"column":68}},"10":{"start":{"line":17,"column":25},"end":{"line":17,"column":56}},"11":{"start":{"line":19,"column":16},"end":{"line":24,"column":4}},"12":{"start":{"line":26,"column":2},"end":{"line":26,"column":21}},"13":{"start":{"line":27,"column":2},"end":{"line":27,"column":59}},"14":{"start":{"line":30,"column":20},"end":{"line":48,"column":1}},"15":{"start":{"line":31,"column":17},"end":{"line":31,"column":27}},"16":{"start":{"line":32,"column":36},"end":{"line":32,"column":44}},"17":{"start":{"line":34,"column":16},"end":{"line":34,"column":39}},"18":{"start":{"line":35,"column":2},"end":{"line":37,"column":3}},"19":{"start":{"line":36,"column":4},"end":{"line":36,"column":64}},"20":{"start":{"line":39,"column":2},"end":{"line":39,"column":34}},"21":{"start":{"line":40,"column":2},"end":{"line":40,"column":37}},"22":{"start":{"line":42,"column":2},"end":{"line":44,"column":3}},"23":{"start":{"line":43,"column":4},"end":{"line":43,"column":53}},"24":{"start":{"line":46,"column":2},"end":{"line":46,"column":21}},"25":{"start":{"line":47,"column":2},"end":{"line":47,"column":61}},"26":{"start":{"line":50,"column":20},"end":{"line":60,"column":1}},"27":{"start":{"line":51,"column":17},"end":{"line":51,"column":27}},"28":{"start":{"line":53,"column":16},"end":{"line":53,"column":39}},"29":{"start":{"line":54,"column":2},"end":{"line":56,"column":3}},"30":{"start":{"line":55,"column":4},"end":{"line":55,"column":64}},"31":{"start":{"line":58,"column":2},"end":{"line":58,"column":23}},"32":{"start":{"line":59,"column":2},"end":{"line":59,"column":54}},"33":{"start":{"line":62,"column":0},"end":{"line":62,"column":67}}},"fnMap":{"0":{"name":"(anonymous_0)","decl":{"start":{"line":4,"column":18},"end":{"line":4,"column":19}},"loc":{"start":{"line":4,"column":38},"end":{"line":7,"column":1}},"line":4},"1":{"name":"(anonymous_1)","decl":{"start":{"line":9,"column":17},"end":{"line":9,"column":18}},"loc":{"start":{"line":9,"column":37},"end":{"line":28,"column":1}},"line":9},"2":{"name":"(anonymous_2)","decl":{"start":{"line":30,"column":20},"end":{"line":30,"column":21}},"loc":{"start":{"line":30,"column":40},"end":{"line":48,"column":1}},"line":30},"3":{"name":"(anonymous_3)","decl":{"start":{"line":50,"column":20},"end":{"line":50,"column":21}},"loc":{"start":{"line":50,"column":40},"end":{"line":60,"column":1}},"line":50}},"branchMap":{"0":{"loc":{"start":{"line":13,"column":2},"end":{"line":15,"column":3}},"type":"if","locations":[{"start":{"line":13,"column":2},"end":{"line":15,"column":3}},{"start":{},"end":{}}],"line":13},"1":{"loc":{"start":{"line":35,"column":2},"end":{"line":37,"column":3}},"type":"if","locations":[{"start":{"line":35,"column":2},"end":{"line":37,"column":3}},{"start":{},"end":{}}],"line":35},"2":{"loc":{"start":{"line":35,"column":6},"end":{"line":35,"column":38}},"type":"binary-expr","locations":[{"start":{"line":35,"column":6},"end":{"line":35,"column":12}},{"start":{"line":35,"column":16},"end":{"line":35,"column":38}}],"line":35},"3":{"loc":{"start":{"line":39,"column":15},"end":{"line":39,"column":33}},"type":"binary-expr","locations":[{"start":{"line":39,"column":15},"end":{"line":39,"column":19}},{"start":{"line":39,"column":23},"end":{"line":39,"column":33}}],"line":39},"4":{"loc":{"start":{"line":40,"column":16},"end":{"line":40,"column":36}},"type":"binary-expr","locations":[{"start":{"line":40,"column":16},"end":{"line":40,"column":21}},{"start":{"line":40,"column":25},"end":{"line":40,"column":36}}],"line":40},"5":{"loc":{"start":{"line":42,"column":2},"end":{"line":44,"column":3}},"type":"if","locations":[{"start":{"line":42,"column":2},"end":{"line":44,"column":3}},{"start":{},"end":{}}],"line":42},"6":{"loc":{"start":{"line":54,"column":2},"end":{"line":56,"column":3}},"type":"if","locations":[{"start":{"line":54,"column":2},"end":{"line":56,"column":3}},{"start":{},"end":{}}],"line":54},"7":{"loc":{"start":{"line":54,"column":6},"end":{"line":54,"column":38}},"type":"binary-expr","locations":[{"start":{"line":54,"column":6},"end":{"line":54,"column":12}},{"start":{"line":54,"column":16},"end":{"line":54,"column":38}}],"line":54}},"s":{"0":1,"1":1,"2":1,"3":1,"4":1,"5":1,"6":2,"7":2,"8":2,"9":1,"10":1,"11":1,"12":1,"13":1,"14":1,"15":2,"16":2,"17":2,"18":2,"19":1,"20":1,"21":1,"22":1,"23":1,"24":1,"25":1,"26":1,"27":2,"28":2,"29":2,"30":1,"31":1,"32":1,"33":1},"f":{"0":1,"1":2,"2":2,"3":2},"b":{"0":[1,1],"1":[1,1],"2":[2,1],"3":[1,0],"4":[1,0],"5":[1,0],"6":[1,1],"7":[2,1]},"_coverageSchema":"1a1c01bbd47fc00a2c39e90264f33305004495a9","hash":"e4b332908ec32269663c974624e7fcadca1f55b1"}
,"C:\\Users\\ADM\\Desktop\\untitled\\src\\controllers\\filmController.js": {"path":"C:\\Users\\ADM\\Desktop\\untitled\\src\\controllers\\filmController.js","statementMap":{"0":{"start":{"line":1,"column":13},"end":{"line":1,"column":43}},"1":{"start":{"line":4,"column":17},"end":{"line":11,"column":1}},"2":{"start":{"line":5,"column":2},"end":{"line":10,"column":3}},"3":{"start":{"line":6,"column":18},"end":{"line":6,"column":35}},"4":{"start":{"line":7,"column":4},"end":{"line":7,"column":20}},"5":{"start":{"line":9,"column":4},"end":{"line":9,"column":53}},"6":{"start":{"line":14,"column":16},"end":{"line":30,"column":1}},"7":{"start":{"line":15,"column":50},"end":{"line":15,"column":58}},"8":{"start":{"line":17,"column":2},"end":{"line":19,"column":3}},"9":{"start":{"line":18,"column":4},"end":{"line":18,"column":71}},"10":{"start":{"line":21,"column":16},"end":{"line":21,"column":29}},"11":{"start":{"line":23,"column":2},"end":{"line":29,"column":3}},"12":{"start":{"line":24,"column":20},"end":{"line":24,"column":76}},"13":{"start":{"line":25,"column":4},"end":{"line":25,"column":25}},"14":{"start":{"line":26,"column":4},"end":{"line":26,"column":74}},"15":{"start":{"line":28,"column":4},"end":{"line":28,"column":53}},"16":{"start":{"line":34,"column":19},"end":{"line":55,"column":1}},"17":{"start":{"line":35,"column":17},"end":{"line":35,"column":27}},"18":{"start":{"line":36,"column":50},"end":{"line":36,"column":58}},"19":{"start":{"line":38,"column":2},"end":{"line":54,"column":3}},"20":{"start":{"line":39,"column":17},"end":{"line":39,"column":40}},"21":{"start":{"line":40,"column":4},"end":{"line":42,"column":5}},"22":{"start":{"line":41,"column":6},"end":{"line":41,"column":65}},"23":{"start":{"line":45,"column":4},"end":{"line":45,"column":37}},"24":{"start":{"line":46,"column":4},"end":{"line":46,"column":46}},"25":{"start":{"line":47,"column":4},"end":{"line":47,"column":55}},"26":{"start":{"line":48,"column":4},"end":{"line":48,"column":37}},"27":{"start":{"line":50,"column":4},"end":{"line":50,"column":22}},"28":{"start":{"line":51,"column":4},"end":{"line":51,"column":61}},"29":{"start":{"line":53,"column":4},"end":{"line":53,"column":53}},"30":{"start":{"line":58,"column":19},"end":{"line":72,"column":1}},"31":{"start":{"line":59,"column":17},"end":{"line":59,"column":27}},"32":{"start":{"line":61,"column":2},"end":{"line":71,"column":3}},"33":{"start":{"line":62,"column":17},"end":{"line":62,"column":40}},"34":{"start":{"line":63,"column":4},"end":{"line":65,"column":5}},"35":{"start":{"line":64,"column":6},"end":{"line":64,"column":65}},"36":{"start":{"line":67,"column":4},"end":{"line":67,"column":24}},"37":{"start":{"line":68,"column":4},"end":{"line":68,"column":55}},"38":{"start":{"line":70,"column":4},"end":{"line":70,"column":53}},"39":{"start":{"line":74,"column":0},"end":{"line":74,"column":63}}},"fnMap":{"0":{"name":"(anonymous_0)","decl":{"start":{"line":4,"column":17},"end":{"line":4,"column":18}},"loc":{"start":{"line":4,"column":37},"end":{"line":11,"column":1}},"line":4},"1":{"name":"(anonymous_1)","decl":{"start":{"line":14,"column":16},"end":{"line":14,"column":17}},"loc":{"start":{"line":14,"column":36},"end":{"line":30,"column":1}},"line":14},"2":{"name":"(anonymous_2)","decl":{"start":{"line":34,"column":19},"end":{"line":34,"column":20}},"loc":{"start":{"line":34,"column":39},"end":{"line":55,"column":1}},"line":34},"3":{"name":"(anonymous_3)","decl":{"start":{"line":58,"column":19},"end":{"line":58,"column":20}},"loc":{"start":{"line":58,"column":39},"end":{"line":72,"column":1}},"line":58}},"branchMap":{"0":{"loc":{"start":{"line":17,"column":2},"end":{"line":19,"column":3}},"type":"if","locations":[{"start":{"line":17,"column":2},"end":{"line":19,"column":3}},{"start":{},"end":{}}],"line":17},"1":{"loc":{"start":{"line":40,"column":4},"end":{"line":42,"column":5}},"type":"if","locations":[{"start":{"line":40,"column":4},"end":{"line":42,"column":5}},{"start":{},"end":{}}],"line":40},"2":{"loc":{"start":{"line":45,"column":17},"end":{"line":45,"column":36}},"type":"binary-expr","locations":[{"start":{"line":45,"column":17},"end":{"line":45,"column":22}},{"start":{"line":45,"column":26},"end":{"line":45,"column":36}}],"line":45},"3":{"loc":{"start":{"line":46,"column":20},"end":{"line":46,"column":45}},"type":"binary-expr","locations":[{"start":{"line":46,"column":20},"end":{"line":46,"column":28}},{"start":{"line":46,"column":32},"end":{"line":46,"column":45}}],"line":46},"4":{"loc":{"start":{"line":47,"column":23},"end":{"line":47,"column":54}},"type":"binary-expr","locations":[{"start":{"line":47,"column":23},"end":{"line":47,"column":34}},{"start":{"line":47,"column":38},"end":{"line":47,"column":54}}],"line":47},"5":{"loc":{"start":{"line":48,"column":17},"end":{"line":48,"column":36}},"type":"binary-expr","locations":[{"start":{"line":48,"column":17},"end":{"line":48,"column":22}},{"start":{"line":48,"column":26},"end":{"line":48,"column":36}}],"line":48},"6":{"loc":{"start":{"line":63,"column":4},"end":{"line":65,"column":5}},"type":"if","locations":[{"start":{"line":63,"column":4},"end":{"line":65,"column":5}},{"start":{},"end":{}}],"line":63}},"s":{"0":1,"1":1,"2":2,"3":2,"4":1,"5":1,"6":1,"7":3,"8":3,"9":1,"10":2,"11":2,"12":2,"13":1,"14":1,"15":1,"16":1,"17":3,"18":3,"19":3,"20":3,"21":3,"22":1,"23":2,"24":2,"25":2,"26":2,"27":2,"28":1,"29":1,"30":1,"31":3,"32":3,"33":3,"34":3,"35":1,"36":2,"37":1,"38":1,"39":1},"f":{"0":2,"1":3,"2":3,"3":3},"b":{"0":[1,2],"1":[1,2],"2":[2,0],"3":[2,1],"4":[2,1],"5":[2,1],"6":[1,2]},"_coverageSchema":"1a1c01bbd47fc00a2c39e90264f33305004495a9","hash":"fe92646674c9c9b10f532d9fbe8a0df494238136"}
,"C:\\Users\\ADM\\Desktop\\untitled\\src\\controllers\\reservationController.js": {"path":"C:\\Users\\ADM\\Desktop\\untitled\\src\\controllers\\reservationController.js","statementMap":{"0":{"start":{"line":1,"column":20},"end":{"line":1,"column":57}},"1":{"start":{"line":2,"column":15},"end":{"line":2,"column":47}},"2":{"start":{"line":4,"column":26},"end":{"line":35,"column":1}},"3":{"start":{"line":5,"column":34},"end":{"line":5,"column":42}},"4":{"start":{"line":7,"column":2},"end":{"line":34,"column":3}},"5":{"start":{"line":8,"column":21},"end":{"line":8,"column":33}},"6":{"start":{"line":10,"column":24},"end":{"line":10,"column":53}},"7":{"start":{"line":12,"column":4},"end":{"line":14,"column":5}},"8":{"start":{"line":13,"column":6},"end":{"line":13,"column":67}},"9":{"start":{"line":16,"column":4},"end":{"line":18,"column":5}},"10":{"start":{"line":17,"column":6},"end":{"line":17,"column":93}},"11":{"start":{"line":20,"column":24},"end":{"line":24,"column":6}},"12":{"start":{"line":26,"column":31},"end":{"line":26,"column":55}},"13":{"start":{"line":28,"column":4},"end":{"line":28,"column":49}},"14":{"start":{"line":29,"column":4},"end":{"line":29,"column":29}},"15":{"start":{"line":31,"column":4},"end":{"line":31,"column":45}},"16":{"start":{"line":33,"column":4},"end":{"line":33,"column":53}},"17":{"start":{"line":37,"column":32},"end":{"line":49,"column":1}},"18":{"start":{"line":38,"column":2},"end":{"line":48,"column":3}},"19":{"start":{"line":39,"column":21},"end":{"line":39,"column":33}},"20":{"start":{"line":40,"column":25},"end":{"line":42,"column":25}},"21":{"start":{"line":44,"column":4},"end":{"line":44,"column":39}},"22":{"start":{"line":46,"column":4},"end":{"line":46,"column":57}},"23":{"start":{"line":47,"column":4},"end":{"line":47,"column":53}},"24":{"start":{"line":51,"column":0},"end":{"line":54,"column":2}}},"fnMap":{"0":{"name":"(anonymous_0)","decl":{"start":{"line":4,"column":26},"end":{"line":4,"column":27}},"loc":{"start":{"line":4,"column":46},"end":{"line":35,"column":1}},"line":4},"1":{"name":"(anonymous_1)","decl":{"start":{"line":37,"column":32},"end":{"line":37,"column":33}},"loc":{"start":{"line":37,"column":52},"end":{"line":49,"column":1}},"line":37}},"branchMap":{"0":{"loc":{"start":{"line":12,"column":4},"end":{"line":14,"column":5}},"type":"if","locations":[{"start":{"line":12,"column":4},"end":{"line":14,"column":5}},{"start":{},"end":{}}],"line":12},"1":{"loc":{"start":{"line":16,"column":4},"end":{"line":18,"column":5}},"type":"if","locations":[{"start":{"line":16,"column":4},"end":{"line":18,"column":5}},{"start":{},"end":{}}],"line":16}},"s":{"0":1,"1":1,"2":1,"3":3,"4":3,"5":3,"6":3,"7":3,"8":1,"9":2,"10":1,"11":1,"12":1,"13":1,"14":1,"15":1,"16":0,"17":1,"18":0,"19":0,"20":0,"21":0,"22":0,"23":0,"24":1},"f":{"0":3,"1":0},"b":{"0":[1,2],"1":[1,1]},"_coverageSchema":"1a1c01bbd47fc00a2c39e90264f33305004495a9","hash":"776a045ef042c14a949653be7787658caa1780fa"}
,"C:\\Users\\ADM\\Desktop\\untitled\\src\\controllers\\roomController.js": {"path":"C:\\Users\\ADM\\Desktop\\untitled\\src\\controllers\\roomController.js","statementMap":{"0":{"start":{"line":1,"column":13},"end":{"line":1,"column":43}},"1":{"start":{"line":4,"column":19},"end":{"line":29,"column":1}},"2":{"start":{"line":5,"column":35},"end":{"line":5,"column":43}},"3":{"start":{"line":7,"column":2},"end":{"line":28,"column":3}},"4":{"start":{"line":9,"column":18},"end":{"line":9,"column":20}},"5":{"start":{"line":10,"column":4},"end":{"line":15,"column":5}},"6":{"start":{"line":10,"column":17},"end":{"line":10,"column":18}},"7":{"start":{"line":11,"column":6},"end":{"line":14,"column":9}},"8":{"start":{"line":18,"column":20},"end":{"line":22,"column":6}},"9":{"start":{"line":24,"column":24},"end":{"line":24,"column":44}},"10":{"start":{"line":25,"column":4},"end":{"line":25,"column":38}},"11":{"start":{"line":27,"column":4},"end":{"line":27,"column":53}},"12":{"start":{"line":30,"column":19},"end":{"line":63,"column":1}},"13":{"start":{"line":31,"column":17},"end":{"line":31,"column":27}},"14":{"start":{"line":32,"column":36},"end":{"line":32,"column":44}},"15":{"start":{"line":34,"column":2},"end":{"line":62,"column":3}},"16":{"start":{"line":35,"column":17},"end":{"line":35,"column":40}},"17":{"start":{"line":37,"column":4},"end":{"line":39,"column":5}},"18":{"start":{"line":38,"column":6},"end":{"line":38,"column":65}},"19":{"start":{"line":41,"column":4},"end":{"line":41,"column":34}},"20":{"start":{"line":42,"column":4},"end":{"line":42,"column":34}},"21":{"start":{"line":44,"column":4},"end":{"line":53,"column":5}},"22":{"start":{"line":45,"column":20},"end":{"line":45,"column":22}},"23":{"start":{"line":46,"column":6},"end":{"line":51,"column":7}},"24":{"start":{"line":46,"column":19},"end":{"line":46,"column":20}},"25":{"start":{"line":47,"column":8},"end":{"line":50,"column":11}},"26":{"start":{"line":52,"column":6},"end":{"line":52,"column":25}},"27":{"start":{"line":55,"column":24},"end":{"line":55,"column":41}},"28":{"start":{"line":56,"column":4},"end":{"line":59,"column":7}},"29":{"start":{"line":61,"column":4},"end":{"line":61,"column":53}},"30":{"start":{"line":66,"column":17},"end":{"line":73,"column":1}},"31":{"start":{"line":67,"column":2},"end":{"line":72,"column":3}},"32":{"start":{"line":68,"column":18},"end":{"line":68,"column":52}},"33":{"start":{"line":69,"column":4},"end":{"line":69,"column":32}},"34":{"start":{"line":71,"column":4},"end":{"line":71,"column":53}},"35":{"start":{"line":75,"column":19},"end":{"line":90,"column":1}},"36":{"start":{"line":76,"column":17},"end":{"line":76,"column":27}},"37":{"start":{"line":78,"column":2},"end":{"line":89,"column":3}},"38":{"start":{"line":79,"column":17},"end":{"line":79,"column":40}},"39":{"start":{"line":81,"column":4},"end":{"line":83,"column":5}},"40":{"start":{"line":82,"column":6},"end":{"line":82,"column":65}},"41":{"start":{"line":85,"column":4},"end":{"line":85,"column":24}},"42":{"start":{"line":86,"column":4},"end":{"line":86,"column":67}},"43":{"start":{"line":88,"column":4},"end":{"line":88,"column":53}},"44":{"start":{"line":93,"column":0},"end":{"line":98,"column":2}}},"fnMap":{"0":{"name":"(anonymous_0)","decl":{"start":{"line":4,"column":19},"end":{"line":4,"column":20}},"loc":{"start":{"line":4,"column":39},"end":{"line":29,"column":1}},"line":4},"1":{"name":"(anonymous_1)","decl":{"start":{"line":30,"column":19},"end":{"line":30,"column":20}},"loc":{"start":{"line":30,"column":39},"end":{"line":63,"column":1}},"line":30},"2":{"name":"(anonymous_2)","decl":{"start":{"line":66,"column":17},"end":{"line":66,"column":18}},"loc":{"start":{"line":66,"column":37},"end":{"line":73,"column":1}},"line":66},"3":{"name":"(anonymous_3)","decl":{"start":{"line":75,"column":19},"end":{"line":75,"column":20}},"loc":{"start":{"line":75,"column":39},"end":{"line":90,"column":1}},"line":75}},"branchMap":{"0":{"loc":{"start":{"line":37,"column":4},"end":{"line":39,"column":5}},"type":"if","locations":[{"start":{"line":37,"column":4},"end":{"line":39,"column":5}},{"start":{},"end":{}}],"line":37},"1":{"loc":{"start":{"line":41,"column":16},"end":{"line":41,"column":33}},"type":"binary-expr","locations":[{"start":{"line":41,"column":16},"end":{"line":41,"column":20}},{"start":{"line":41,"column":24},"end":{"line":41,"column":33}}],"line":41},"2":{"loc":{"start":{"line":42,"column":16},"end":{"line":42,"column":33}},"type":"binary-expr","locations":[{"start":{"line":42,"column":16},"end":{"line":42,"column":20}},{"start":{"line":42,"column":24},"end":{"line":42,"column":33}}],"line":42},"3":{"loc":{"start":{"line":44,"column":4},"end":{"line":53,"column":5}},"type":"if","locations":[{"start":{"line":44,"column":4},"end":{"line":53,"column":5}},{"start":{},"end":{}}],"line":44},"4":{"loc":{"start":{"line":81,"column":4},"end":{"line":83,"column":5}},"type":"if","locations":[{"start":{"line":81,"column":4},"end":{"line":83,"column":5}},{"start":{},"end":{}}],"line":81}},"s":{"0":1,"1":1,"2":2,"3":2,"4":2,"5":2,"6":2,"7":20,"8":2,"9":2,"10":1,"11":1,"12":1,"13":3,"14":3,"15":3,"16":3,"17":2,"18":1,"19":1,"20":1,"21":1,"22":1,"23":1,"24":1,"25":20,"26":1,"27":1,"28":1,"29":1,"30":1,"31":2,"32":2,"33":1,"34":1,"35":1,"36":3,"37":3,"38":3,"39":2,"40":1,"41":1,"42":1,"43":1,"44":1},"f":{"0":2,"1":3,"2":2,"3":3},"b":{"0":[1,1],"1":[1,0],"2":[1,0],"3":[1,0],"4":[1,1]},"_coverageSchema":"1a1c01bbd47fc00a2c39e90264f33305004495a9","hash":"f68e1034e3bb4b22cb8caa2c7afc2144f539a025"}
,"C:\\Users\\ADM\\Desktop\\untitled\\src\\controllers\\seanceController.js": {"path":"C:\\Users\\ADM\\Desktop\\untitled\\src\\controllers\\seanceController.js","statementMap":{"0":{"start":{"line":1,"column":13},"end":{"line":1,"column":43}},"1":{"start":{"line":2,"column":15},"end":{"line":2,"column":47}},"2":{"start":{"line":5,"column":21},"end":{"line":35,"column":3}},"3":{"start":{"line":6,"column":43},"end":{"line":6,"column":51}},"4":{"start":{"line":8,"column":4},"end":{"line":34,"column":5}},"5":{"start":{"line":10,"column":24},"end":{"line":10,"column":49}},"6":{"start":{"line":12,"column":6},"end":{"line":14,"column":7}},"7":{"start":{"line":13,"column":8},"end":{"line":13,"column":67}},"8":{"start":{"line":16,"column":29},"end":{"line":16,"column":84}},"9":{"start":{"line":16,"column":60},"end":{"line":16,"column":76}},"10":{"start":{"line":18,"column":6},"end":{"line":20,"column":7}},"11":{"start":{"line":19,"column":8},"end":{"line":19,"column":83}},"12":{"start":{"line":22,"column":21},"end":{"line":28,"column":8}},"13":{"start":{"line":30,"column":28},"end":{"line":30,"column":47}},"14":{"start":{"line":31,"column":6},"end":{"line":31,"column":42}},"15":{"start":{"line":33,"column":6},"end":{"line":33,"column":55}},"16":{"start":{"line":38,"column":19},"end":{"line":47,"column":1}},"17":{"start":{"line":39,"column":2},"end":{"line":46,"column":3}},"18":{"start":{"line":40,"column":20},"end":{"line":42,"column":23}},"19":{"start":{"line":43,"column":4},"end":{"line":43,"column":34}},"20":{"start":{"line":45,"column":4},"end":{"line":45,"column":53}},"21":{"start":{"line":50,"column":22},"end":{"line":64,"column":1}},"22":{"start":{"line":51,"column":2},"end":{"line":63,"column":3}},"23":{"start":{"line":52,"column":19},"end":{"line":54,"column":23}},"24":{"start":{"line":56,"column":4},"end":{"line":58,"column":5}},"25":{"start":{"line":57,"column":6},"end":{"line":57,"column":67}},"26":{"start":{"line":60,"column":4},"end":{"line":60,"column":33}},"27":{"start":{"line":62,"column":4},"end":{"line":62,"column":53}},"28":{"start":{"line":66,"column":21},"end":{"line":86,"column":1}},"29":{"start":{"line":67,"column":60},"end":{"line":67,"column":68}},"30":{"start":{"line":69,"column":2},"end":{"line":85,"column":3}},"31":{"start":{"line":70,"column":19},"end":{"line":70,"column":55}},"32":{"start":{"line":72,"column":4},"end":{"line":74,"column":5}},"33":{"start":{"line":73,"column":6},"end":{"line":73,"column":67}},"34":{"start":{"line":75,"column":4},"end":{"line":75,"column":47}},"35":{"start":{"line":76,"column":4},"end":{"line":76,"column":41}},"36":{"start":{"line":77,"column":4},"end":{"line":77,"column":38}},"37":{"start":{"line":78,"column":4},"end":{"line":78,"column":38}},"38":{"start":{"line":79,"column":4},"end":{"line":79,"column":77}},"39":{"start":{"line":81,"column":26},"end":{"line":81,"column":45}},"40":{"start":{"line":82,"column":4},"end":{"line":82,"column":40}},"41":{"start":{"line":84,"column":4},"end":{"line":84,"column":53}},"42":{"start":{"line":89,"column":21},"end":{"line":102,"column":1}},"43":{"start":{"line":90,"column":2},"end":{"line":101,"column":3}},"44":{"start":{"line":91,"column":19},"end":{"line":91,"column":55}},"45":{"start":{"line":93,"column":4},"end":{"line":95,"column":5}},"46":{"start":{"line":94,"column":6},"end":{"line":94,"column":67}},"47":{"start":{"line":97,"column":4},"end":{"line":97,"column":26}},"48":{"start":{"line":98,"column":4},"end":{"line":98,"column":56}},"49":{"start":{"line":100,"column":4},"end":{"line":100,"column":53}},"50":{"start":{"line":104,"column":0},"end":{"line":110,"column":2}}},"fnMap":{"0":{"name":"(anonymous_0)","decl":{"start":{"line":5,"column":21},"end":{"line":5,"column":22}},"loc":{"start":{"line":5,"column":41},"end":{"line":35,"column":3}},"line":5},"1":{"name":"(anonymous_1)","decl":{"start":{"line":16,"column":52},"end":{"line":16,"column":53}},"loc":{"start":{"line":16,"column":60},"end":{"line":16,"column":76}},"line":16},"2":{"name":"(anonymous_2)","decl":{"start":{"line":38,"column":19},"end":{"line":38,"column":20}},"loc":{"start":{"line":38,"column":39},"end":{"line":47,"column":1}},"line":38},"3":{"name":"(anonymous_3)","decl":{"start":{"line":50,"column":22},"end":{"line":50,"column":23}},"loc":{"start":{"line":50,"column":42},"end":{"line":64,"column":1}},"line":50},"4":{"name":"(anonymous_4)","decl":{"start":{"line":66,"column":21},"end":{"line":66,"column":22}},"loc":{"start":{"line":66,"column":41},"end":{"line":86,"column":1}},"line":66},"5":{"name":"(anonymous_5)","decl":{"start":{"line":89,"column":21},"end":{"line":89,"column":22}},"loc":{"start":{"line":89,"column":41},"end":{"line":102,"column":1}},"line":89}},"branchMap":{"0":{"loc":{"start":{"line":12,"column":6},"end":{"line":14,"column":7}},"type":"if","locations":[{"start":{"line":12,"column":6},"end":{"line":14,"column":7}},{"start":{},"end":{}}],"line":12},"1":{"loc":{"start":{"line":18,"column":6},"end":{"line":20,"column":7}},"type":"if","locations":[{"start":{"line":18,"column":6},"end":{"line":20,"column":7}},{"start":{},"end":{}}],"line":18},"2":{"loc":{"start":{"line":56,"column":4},"end":{"line":58,"column":5}},"type":"if","locations":[{"start":{"line":56,"column":4},"end":{"line":58,"column":5}},{"start":{},"end":{}}],"line":56},"3":{"loc":{"start":{"line":72,"column":4},"end":{"line":74,"column":5}},"type":"if","locations":[{"start":{"line":72,"column":4},"end":{"line":74,"column":5}},{"start":{},"end":{}}],"line":72},"4":{"loc":{"start":{"line":75,"column":21},"end":{"line":75,"column":46}},"type":"binary-expr","locations":[{"start":{"line":75,"column":21},"end":{"line":75,"column":28}},{"start":{"line":75,"column":32},"end":{"line":75,"column":46}}],"line":75},"5":{"loc":{"start":{"line":76,"column":19},"end":{"line":76,"column":40}},"type":"binary-expr","locations":[{"start":{"line":76,"column":19},"end":{"line":76,"column":24}},{"start":{"line":76,"column":28},"end":{"line":76,"column":40}}],"line":76},"6":{"loc":{"start":{"line":77,"column":18},"end":{"line":77,"column":37}},"type":"binary-expr","locations":[{"start":{"line":77,"column":18},"end":{"line":77,"column":22}},{"start":{"line":77,"column":26},"end":{"line":77,"column":37}}],"line":77},"7":{"loc":{"start":{"line":78,"column":18},"end":{"line":78,"column":37}},"type":"binary-expr","locations":[{"start":{"line":78,"column":18},"end":{"line":78,"column":22}},{"start":{"line":78,"column":26},"end":{"line":78,"column":37}}],"line":78},"8":{"loc":{"start":{"line":79,"column":31},"end":{"line":79,"column":76}},"type":"binary-expr","locations":[{"start":{"line":79,"column":31},"end":{"line":79,"column":48}},{"start":{"line":79,"column":52},"end":{"line":79,"column":76}}],"line":79},"9":{"loc":{"start":{"line":93,"column":4},"end":{"line":95,"column":5}},"type":"if","locations":[{"start":{"line":93,"column":4},"end":{"line":95,"column":5}},{"start":{},"end":{}}],"line":93}},"s":{"0":1,"1":1,"2":1,"3":4,"4":4,"5":4,"6":4,"7":1,"8":3,"9":7,"10":3,"11":1,"12":2,"13":2,"14":1,"15":1,"16":1,"17":2,"18":2,"19":1,"20":1,"21":1,"22":3,"23":3,"24":2,"25":1,"26":1,"27":1,"28":1,"29":0,"30":0,"31":0,"32":0,"33":0,"34":0,"35":0,"36":0,"37":0,"38":0,"39":0,"40":0,"41":0,"42":1,"43":3,"44":3,"45":2,"46":1,"47":1,"48":1,"49":1,"50":1},"f":{"0":4,"1":7,"2":2,"3":3,"4":0,"5":3},"b":{"0":[1,3],"1":[1,2],"2":[1,1],"3":[0,0],"4":[0,0],"5":[0,0],"6":[0,0],"7":[0,0],"8":[0,0],"9":[1,1]},"_coverageSchema":"1a1c01bbd47fc00a2c39e90264f33305004495a9","hash":"35002f6310b15b4e8606e9d9dd83b9c73143197a"}
,"C:\\Users\\ADM\\Desktop\\untitled\\src\\controllers\\userController.js": {"path":"C:\\Users\\ADM\\Desktop\\untitled\\src\\controllers\\userController.js","statementMap":{"0":{"start":{"line":1,"column":13},"end":{"line":1,"column":43}},"1":{"start":{"line":2,"column":12},"end":{"line":2,"column":35}},"2":{"start":{"line":3,"column":15},"end":{"line":3,"column":34}},"3":{"start":{"line":4,"column":32},"end":{"line":4,"column":72}},"4":{"start":{"line":5,"column":15},"end":{"line":5,"column":32}},"5":{"start":{"line":6,"column":19},"end":{"line":6,"column":40}},"6":{"start":{"line":9,"column":22},"end":{"line":13,"column":1}},"7":{"start":{"line":10,"column":2},"end":{"line":12,"column":5}},"8":{"start":{"line":16,"column":21},"end":{"line":52,"column":1}},"9":{"start":{"line":17,"column":36},"end":{"line":17,"column":44}},"10":{"start":{"line":19,"column":2},"end":{"line":51,"column":3}},"11":{"start":{"line":20,"column":23},"end":{"line":20,"column":52}},"12":{"start":{"line":22,"column":4},"end":{"line":24,"column":5}},"13":{"start":{"line":23,"column":6},"end":{"line":23,"column":70}},"14":{"start":{"line":25,"column":17},"end":{"line":29,"column":6}},"15":{"start":{"line":31,"column":4},"end":{"line":48,"column":5}},"16":{"start":{"line":32,"column":20},"end":{"line":32,"column":43}},"17":{"start":{"line":33,"column":6},"end":{"line":37,"column":9}},"18":{"start":{"line":38,"column":6},"end":{"line":45,"column":9}},"19":{"start":{"line":47,"column":6},"end":{"line":47,"column":61}},"20":{"start":{"line":50,"column":4},"end":{"line":50,"column":53}},"21":{"start":{"line":56,"column":18},"end":{"line":83,"column":1}},"22":{"start":{"line":57,"column":30},"end":{"line":57,"column":38}},"23":{"start":{"line":59,"column":2},"end":{"line":82,"column":3}},"24":{"start":{"line":60,"column":17},"end":{"line":60,"column":46}},"25":{"start":{"line":62,"column":4},"end":{"line":79,"column":5}},"26":{"start":{"line":63,"column":20},"end":{"line":63,"column":43}},"27":{"start":{"line":64,"column":6},"end":{"line":68,"column":9}},"28":{"start":{"line":69,"column":6},"end":{"line":76,"column":9}},"29":{"start":{"line":78,"column":6},"end":{"line":78,"column":69}},"30":{"start":{"line":81,"column":4},"end":{"line":81,"column":53}},"31":{"start":{"line":85,"column":19},"end":{"line":98,"column":1}},"32":{"start":{"line":88,"column":2},"end":{"line":90,"column":3}},"33":{"start":{"line":89,"column":4},"end":{"line":89,"column":52}},"34":{"start":{"line":92,"column":2},"end":{"line":97,"column":3}},"35":{"start":{"line":93,"column":4},"end":{"line":93,"column":31}},"36":{"start":{"line":94,"column":4},"end":{"line":94,"column":74}},"37":{"start":{"line":96,"column":4},"end":{"line":96,"column":59}},"38":{"start":{"line":101,"column":31},"end":{"line":140,"column":1}},"39":{"start":{"line":102,"column":20},"end":{"line":102,"column":28}},"40":{"start":{"line":104,"column":2},"end":{"line":139,"column":3}},"41":{"start":{"line":105,"column":17},"end":{"line":105,"column":46}},"42":{"start":{"line":106,"column":4},"end":{"line":108,"column":5}},"43":{"start":{"line":107,"column":6},"end":{"line":107,"column":65}},"44":{"start":{"line":110,"column":23},"end":{"line":110,"column":61}},"45":{"start":{"line":113,"column":4},"end":{"line":113,"column":41}},"46":{"start":{"line":114,"column":4},"end":{"line":114,"column":53}},"47":{"start":{"line":115,"column":4},"end":{"line":115,"column":22}},"48":{"start":{"line":118,"column":24},"end":{"line":124,"column":6}},"49":{"start":{"line":126,"column":21},"end":{"line":126,"column":78}},"50":{"start":{"line":127,"column":20},"end":{"line":127,"column":194}},"51":{"start":{"line":130,"column":4},"end":{"line":134,"column":7}},"52":{"start":{"line":136,"column":4},"end":{"line":136,"column":81}},"53":{"start":{"line":138,"column":4},"end":{"line":138,"column":53}},"54":{"start":{"line":143,"column":22},"end":{"line":167,"column":1}},"55":{"start":{"line":144,"column":33},"end":{"line":144,"column":41}},"56":{"start":{"line":146,"column":2},"end":{"line":166,"column":3}},"57":{"start":{"line":148,"column":17},"end":{"line":151,"column":6}},"58":{"start":{"line":153,"column":4},"end":{"line":155,"column":5}},"59":{"start":{"line":154,"column":6},"end":{"line":154,"column":98}},"60":{"start":{"line":158,"column":4},"end":{"line":158,"column":55}},"61":{"start":{"line":159,"column":4},"end":{"line":159,"column":40}},"62":{"start":{"line":160,"column":4},"end":{"line":160,"column":42}},"63":{"start":{"line":161,"column":4},"end":{"line":161,"column":22}},"64":{"start":{"line":163,"column":4},"end":{"line":163,"column":84}},"65":{"start":{"line":165,"column":4},"end":{"line":165,"column":53}},"66":{"start":{"line":170,"column":25},"end":{"line":178,"column":1}},"67":{"start":{"line":171,"column":19},"end":{"line":171,"column":22}},"68":{"start":{"line":173,"column":2},"end":{"line":175,"column":3}},"69":{"start":{"line":174,"column":4},"end":{"line":174,"column":62}},"70":{"start":{"line":177,"column":2},"end":{"line":177,"column":52}},"71":{"start":{"line":180,"column":0},"end":{"line":188,"column":2}}},"fnMap":{"0":{"name":"(anonymous_0)","decl":{"start":{"line":9,"column":22},"end":{"line":9,"column":23}},"loc":{"start":{"line":9,"column":30},"end":{"line":13,"column":1}},"line":9},"1":{"name":"(anonymous_1)","decl":{"start":{"line":16,"column":21},"end":{"line":16,"column":22}},"loc":{"start":{"line":16,"column":41},"end":{"line":52,"column":1}},"line":16},"2":{"name":"(anonymous_2)","decl":{"start":{"line":56,"column":18},"end":{"line":56,"column":19}},"loc":{"start":{"line":56,"column":38},"end":{"line":83,"column":1}},"line":56},"3":{"name":"(anonymous_3)","decl":{"start":{"line":85,"column":19},"end":{"line":85,"column":20}},"loc":{"start":{"line":85,"column":39},"end":{"line":98,"column":1}},"line":85},"4":{"name":"(anonymous_4)","decl":{"start":{"line":101,"column":31},"end":{"line":101,"column":32}},"loc":{"start":{"line":101,"column":51},"end":{"line":140,"column":1}},"line":101},"5":{"name":"(anonymous_5)","decl":{"start":{"line":143,"column":22},"end":{"line":143,"column":23}},"loc":{"start":{"line":143,"column":42},"end":{"line":167,"column":1}},"line":143},"6":{"name":"(anonymous_6)","decl":{"start":{"line":170,"column":25},"end":{"line":170,"column":26}},"loc":{"start":{"line":170,"column":45},"end":{"line":178,"column":1}},"line":170}},"branchMap":{"0":{"loc":{"start":{"line":22,"column":4},"end":{"line":24,"column":5}},"type":"if","locations":[{"start":{"line":22,"column":4},"end":{"line":24,"column":5}},{"start":{},"end":{}}],"line":22},"1":{"loc":{"start":{"line":31,"column":4},"end":{"line":48,"column":5}},"type":"if","locations":[{"start":{"line":31,"column":4},"end":{"line":48,"column":5}},{"start":{"line":46,"column":11},"end":{"line":48,"column":5}}],"line":31},"2":{"loc":{"start":{"line":62,"column":4},"end":{"line":79,"column":5}},"type":"if","locations":[{"start":{"line":62,"column":4},"end":{"line":79,"column":5}},{"start":{"line":77,"column":11},"end":{"line":79,"column":5}}],"line":62},"3":{"loc":{"start":{"line":62,"column":8},"end":{"line":62,"column":52}},"type":"binary-expr","locations":[{"start":{"line":62,"column":8},"end":{"line":62,"column":12}},{"start":{"line":62,"column":17},"end":{"line":62,"column":51}}],"line":62},"4":{"loc":{"start":{"line":88,"column":2},"end":{"line":90,"column":3}},"type":"if","locations":[{"start":{"line":88,"column":2},"end":{"line":90,"column":3}},{"start":{},"end":{}}],"line":88},"5":{"loc":{"start":{"line":88,"column":6},"end":{"line":88,"column":81}},"type":"binary-expr","locations":[{"start":{"line":88,"column":6},"end":{"line":88,"column":31}},{"start":{"line":88,"column":35},"end":{"line":88,"column":81}}],"line":88},"6":{"loc":{"start":{"line":92,"column":2},"end":{"line":97,"column":3}},"type":"if","locations":[{"start":{"line":92,"column":2},"end":{"line":97,"column":3}},{"start":{"line":95,"column":9},"end":{"line":97,"column":3}}],"line":92},"7":{"loc":{"start":{"line":106,"column":4},"end":{"line":108,"column":5}},"type":"if","locations":[{"start":{"line":106,"column":4},"end":{"line":108,"column":5}},{"start":{},"end":{}}],"line":106},"8":{"loc":{"start":{"line":153,"column":4},"end":{"line":155,"column":5}},"type":"if","locations":[{"start":{"line":153,"column":4},"end":{"line":155,"column":5}},{"start":{},"end":{}}],"line":153},"9":{"loc":{"start":{"line":173,"column":2},"end":{"line":175,"column":3}},"type":"if","locations":[{"start":{"line":173,"column":2},"end":{"line":175,"column":3}},{"start":{},"end":{}}],"line":173}},"s":{"0":1,"1":1,"2":1,"3":1,"4":1,"5":1,"6":1,"7":2,"8":1,"9":2,"10":2,"11":2,"12":2,"13":1,"14":1,"15":1,"16":1,"17":1,"18":1,"19":0,"20":0,"21":1,"22":2,"23":2,"24":2,"25":2,"26":1,"27":1,"28":1,"29":1,"30":0,"31":1,"32":2,"33":1,"34":2,"35":1,"36":1,"37":1,"38":1,"39":0,"40":0,"41":0,"42":0,"43":0,"44":0,"45":0,"46":0,"47":0,"48":0,"49":0,"50":0,"51":0,"52":0,"53":0,"54":1,"55":0,"56":0,"57":0,"58":0,"59":0,"60":0,"61":0,"62":0,"63":0,"64":0,"65":0,"66":1,"67":2,"68":2,"69":1,"70":1,"71":1},"f":{"0":2,"1":2,"2":2,"3":2,"4":0,"5":0,"6":2},"b":{"0":[1,1],"1":[1,0],"2":[1,1],"3":[2,1],"4":[1,1],"5":[2,1],"6":[1,1],"7":[0,0],"8":[0,0],"9":[1,1]},"_coverageSchema":"1a1c01bbd47fc00a2c39e90264f33305004495a9","hash":"b355b0d767c9909bf69ec21dee8ca4bd38e9dacf"}
,"C:\\Users\\ADM\\Desktop\\untitled\\src\\middlewares\\tokenBlacklist.js": {"path":"C:\\Users\\ADM\\Desktop\\untitled\\src\\middlewares\\tokenBlacklist.js","statementMap":{"0":{"start":{"line":1,"column":23},"end":{"line":1,"column":25}},"1":{"start":{"line":3,"column":28},"end":{"line":5,"column":1}},"2":{"start":{"line":4,"column":2},"end":{"line":4,"column":29}},"3":{"start":{"line":7,"column":27},"end":{"line":9,"column":1}},"4":{"start":{"line":8,"column":2},"end":{"line":8,"column":40}},"5":{"start":{"line":11,"column":0},"end":{"line":11,"column":61}}},"fnMap":{"0":{"name":"(anonymous_0)","decl":{"start":{"line":3,"column":28},"end":{"line":3,"column":29}},"loc":{"start":{"line":3,"column":39},"end":{"line":5,"column":1}},"line":3},"1":{"name":"(anonymous_1)","decl":{"start":{"line":7,"column":27},"end":{"line":7,"column":28}},"loc":{"start":{"line":7,"column":38},"end":{"line":9,"column":1}},"line":7}},"branchMap":{},"s":{"0":1,"1":1,"2":0,"3":1,"4":0,"5":1},"f":{"0":0,"1":0},"b":{},"_coverageSchema":"1a1c01bbd47fc00a2c39e90264f33305004495a9","hash":"e12b4d7cb46d2ff60fad5e7ce5d3db9be917ad7e"}
,"C:\\Users\\ADM\\Desktop\\untitled\\src\\models\\filmModel.js": {"path":"C:\\Users\\ADM\\Desktop\\untitled\\src\\models\\filmModel.js","statementMap":{"0":{"start":{"line":1,"column":17},"end":{"line":1,"column":36}},"1":{"start":{"line":3,"column":25},"end":{"line":3,"column":46}},"2":{"start":{"line":5,"column":19},"end":{"line":34,"column":2}},"3":{"start":{"line":23,"column":8},"end":{"line":23,"column":40}},"4":{"start":{"line":25,"column":24},"end":{"line":25,"column":103}},"5":{"start":{"line":36,"column":13},"end":{"line":36,"column":47}},"6":{"start":{"line":37,"column":0},"end":{"line":37,"column":22}}},"fnMap":{"0":{"name":"(anonymous_0)","decl":{"start":{"line":22,"column":17},"end":{"line":22,"column":18}},"loc":{"start":{"line":22,"column":29},"end":{"line":24,"column":7}},"line":22},"1":{"name":"(anonymous_1)","decl":{"start":{"line":25,"column":15},"end":{"line":25,"column":16}},"loc":{"start":{"line":25,"column":24},"end":{"line":25,"column":103}},"line":25}},"branchMap":{},"s":{"0":1,"1":1,"2":1,"3":0,"4":0,"5":1,"6":1},"f":{"0":0,"1":0},"b":{},"_coverageSchema":"1a1c01bbd47fc00a2c39e90264f33305004495a9","hash":"a92edb4ce795d616f8de268ba156ddfbe357a9b2"}
,"C:\\Users\\ADM\\Desktop\\untitled\\src\\models\\reservationModel.js": {"path":"C:\\Users\\ADM\\Desktop\\untitled\\src\\models\\reservationModel.js","statementMap":{"0":{"start":{"line":1,"column":17},"end":{"line":1,"column":36}},"1":{"start":{"line":3,"column":26},"end":{"line":20,"column":2}},"2":{"start":{"line":22,"column":20},"end":{"line":22,"column":68}},"3":{"start":{"line":23,"column":0},"end":{"line":23,"column":29}}},"fnMap":{},"branchMap":{},"s":{"0":1,"1":1,"2":1,"3":1},"f":{},"b":{},"_coverageSchema":"1a1c01bbd47fc00a2c39e90264f33305004495a9","hash":"33180e5450adf3f871ffc3e3604903ae2eabcc37"}
,"C:\\Users\\ADM\\Desktop\\untitled\\src\\models\\roomModel.js": {"path":"C:\\Users\\ADM\\Desktop\\untitled\\src\\models\\roomModel.js","statementMap":{"0":{"start":{"line":1,"column":17},"end":{"line":1,"column":36}},"1":{"start":{"line":3,"column":19},"end":{"line":12,"column":2}},"2":{"start":{"line":14,"column":19},"end":{"line":28,"column":2}},"3":{"start":{"line":30,"column":13},"end":{"line":30,"column":47}},"4":{"start":{"line":31,"column":0},"end":{"line":31,"column":22}}},"fnMap":{},"branchMap":{},"s":{"0":2,"1":2,"2":2,"3":2,"4":2},"f":{},"b":{},"_coverageSchema":"1a1c01bbd47fc00a2c39e90264f33305004495a9","hash":"c432b2d30c476d7cf29be9ca73f042f25f8ab007"}
,"C:\\Users\\ADM\\Desktop\\untitled\\src\\models\\seanceModel.js": {"path":"C:\\Users\\ADM\\Desktop\\untitled\\src\\models\\seanceModel.js","statementMap":{"0":{"start":{"line":1,"column":17},"end":{"line":1,"column":36}},"1":{"start":{"line":3,"column":21},"end":{"line":28,"column":2}},"2":{"start":{"line":30,"column":15},"end":{"line":30,"column":53}},"3":{"start":{"line":31,"column":0},"end":{"line":31,"column":24}}},"fnMap":{},"branchMap":{},"s":{"0":2,"1":2,"2":2,"3":2},"f":{},"b":{},"_coverageSchema":"1a1c01bbd47fc00a2c39e90264f33305004495a9","hash":"a1604c5cdbe1491dbbd003776e5bec00f9c6e25e"}
,"C:\\Users\\ADM\\Desktop\\untitled\\src\\models\\userModel.js": {"path":"C:\\Users\\ADM\\Desktop\\untitled\\src\\models\\userModel.js","statementMap":{"0":{"start":{"line":1,"column":17},"end":{"line":1,"column":36}},"1":{"start":{"line":2,"column":15},"end":{"line":2,"column":34}},"2":{"start":{"line":4,"column":19},"end":{"line":39,"column":2}},"3":{"start":{"line":42,"column":0},"end":{"line":48,"column":3}},"4":{"start":{"line":43,"column":2},"end":{"line":45,"column":3}},"5":{"start":{"line":44,"column":4},"end":{"line":44,"column":11}},"6":{"start":{"line":46,"column":15},"end":{"line":46,"column":39}},"7":{"start":{"line":47,"column":2},"end":{"line":47,"column":57}},"8":{"start":{"line":51,"column":0},"end":{"line":53,"column":2}},"9":{"start":{"line":52,"column":2},"end":{"line":52,"column":62}},"10":{"start":{"line":55,"column":13},"end":{"line":55,"column":47}},"11":{"start":{"line":57,"column":0},"end":{"line":57,"column":22}}},"fnMap":{"0":{"name":"(anonymous_0)","decl":{"start":{"line":42,"column":23},"end":{"line":42,"column":24}},"loc":{"start":{"line":42,"column":45},"end":{"line":48,"column":1}},"line":42},"1":{"name":"(anonymous_1)","decl":{"start":{"line":51,"column":35},"end":{"line":51,"column":36}},"loc":{"start":{"line":51,"column":68},"end":{"line":53,"column":1}},"line":51}},"branchMap":{"0":{"loc":{"start":{"line":43,"column":2},"end":{"line":45,"column":3}},"type":"if","locations":[{"start":{"line":43,"column":2},"end":{"line":45,"column":3}},{"start":{},"end":{}}],"line":43}},"s":{"0":2,"1":2,"2":2,"3":2,"4":0,"5":0,"6":0,"7":0,"8":2,"9":0,"10":2,"11":2},"f":{"0":0,"1":0},"b":{"0":[0,0]},"_coverageSchema":"1a1c01bbd47fc00a2c39e90264f33305004495a9","hash":"a1bb907e1aeb546a7f1b867cb3d6f828fab4f64c"}
}
