TN:
SF:src\controllers\adminController.js
FN:4,(anonymous_0)
FN:9,(anonymous_1)
FN:30,(anonymous_2)
FN:50,(anonymous_3)
FNF:4
FNH:4
FNDA:1,(anonymous_0)
FNDA:2,(anonymous_1)
FNDA:2,(anonymous_2)
FNDA:2,(anonymous_3)
DA:1,1
DA:2,1
DA:4,1
DA:5,1
DA:6,1
DA:9,1
DA:10,2
DA:12,2
DA:13,2
DA:14,1
DA:17,1
DA:19,1
DA:26,1
DA:27,1
DA:30,1
DA:31,2
DA:32,2
DA:34,2
DA:35,2
DA:36,1
DA:39,1
DA:40,1
DA:42,1
DA:43,1
DA:46,1
DA:47,1
DA:50,1
DA:51,2
DA:53,2
DA:54,2
DA:55,1
DA:58,1
DA:59,1
DA:62,1
LF:34
LH:34
BRDA:13,0,0,1
BRDA:13,0,1,1
BRDA:35,1,0,1
BRDA:35,1,1,1
BRDA:35,2,0,2
BRDA:35,2,1,1
BRDA:39,3,0,1
BRDA:39,3,1,0
BRDA:40,4,0,1
BRDA:40,4,1,0
BRDA:42,5,0,1
BRDA:42,5,1,0
BRDA:54,6,0,1
BRDA:54,6,1,1
BRDA:54,7,0,2
BRDA:54,7,1,1
BRF:16
BRH:13
end_of_record
TN:
SF:src\controllers\filmController.js
FN:4,(anonymous_0)
FN:14,(anonymous_1)
FN:34,(anonymous_2)
FN:58,(anonymous_3)
FNF:4
FNH:4
FNDA:2,(anonymous_0)
FNDA:3,(anonymous_1)
FNDA:3,(anonymous_2)
FNDA:3,(anonymous_3)
DA:1,1
DA:4,1
DA:5,2
DA:6,2
DA:7,1
DA:9,1
DA:14,1
DA:15,3
DA:17,3
DA:18,1
DA:21,2
DA:23,2
DA:24,2
DA:25,1
DA:26,1
DA:28,1
DA:34,1
DA:35,3
DA:36,3
DA:38,3
DA:39,3
DA:40,3
DA:41,1
DA:45,2
DA:46,2
DA:47,2
DA:48,2
DA:50,2
DA:51,1
DA:53,1
DA:58,1
DA:59,3
DA:61,3
DA:62,3
DA:63,3
DA:64,1
DA:67,2
DA:68,1
DA:70,1
DA:74,1
LF:40
LH:40
BRDA:17,0,0,1
BRDA:17,0,1,2
BRDA:40,1,0,1
BRDA:40,1,1,2
BRDA:45,2,0,2
BRDA:45,2,1,0
BRDA:46,3,0,2
BRDA:46,3,1,1
BRDA:47,4,0,2
BRDA:47,4,1,1
BRDA:48,5,0,2
BRDA:48,5,1,1
BRDA:63,6,0,1
BRDA:63,6,1,2
BRF:14
BRH:13
end_of_record
TN:
SF:src\controllers\reservationController.js
FN:4,(anonymous_0)
FN:37,(anonymous_1)
FNF:2
FNH:1
FNDA:3,(anonymous_0)
FNDA:0,(anonymous_1)
DA:1,1
DA:2,1
DA:4,1
DA:5,3
DA:7,3
DA:8,3
DA:10,3
DA:12,3
DA:13,1
DA:16,2
DA:17,1
DA:20,1
DA:26,1
DA:28,1
DA:29,1
DA:31,1
DA:33,0
DA:37,1
DA:38,0
DA:39,0
DA:40,0
DA:44,0
DA:46,0
DA:47,0
DA:51,1
LF:25
LH:18
BRDA:12,0,0,1
BRDA:12,0,1,2
BRDA:16,1,0,1
BRDA:16,1,1,1
BRF:4
BRH:4
end_of_record
TN:
SF:src\controllers\roomController.js
FN:4,(anonymous_0)
FN:30,(anonymous_1)
FN:66,(anonymous_2)
FN:75,(anonymous_3)
FNF:4
FNH:4
FNDA:2,(anonymous_0)
FNDA:3,(anonymous_1)
FNDA:2,(anonymous_2)
FNDA:3,(anonymous_3)
DA:1,1
DA:4,1
DA:5,2
DA:7,2
DA:9,2
DA:10,2
DA:11,20
DA:18,2
DA:24,2
DA:25,1
DA:27,1
DA:30,1
DA:31,3
DA:32,3
DA:34,3
DA:35,3
DA:37,2
DA:38,1
DA:41,1
DA:42,1
DA:44,1
DA:45,1
DA:46,1
DA:47,20
DA:52,1
DA:55,1
DA:56,1
DA:61,1
DA:66,1
DA:67,2
DA:68,2
DA:69,1
DA:71,1
DA:75,1
DA:76,3
DA:78,3
DA:79,3
DA:81,2
DA:82,1
DA:85,1
DA:86,1
DA:88,1
DA:93,1
LF:43
LH:43
BRDA:37,0,0,1
BRDA:37,0,1,1
BRDA:41,1,0,1
BRDA:41,1,1,0
BRDA:42,2,0,1
BRDA:42,2,1,0
BRDA:44,3,0,1
BRDA:44,3,1,0
BRDA:81,4,0,1
BRDA:81,4,1,1
BRF:10
BRH:7
end_of_record
TN:
SF:src\controllers\seanceController.js
FN:5,(anonymous_0)
FN:16,(anonymous_1)
FN:38,(anonymous_2)
FN:50,(anonymous_3)
FN:66,(anonymous_4)
FN:89,(anonymous_5)
FNF:6
FNH:5
FNDA:4,(anonymous_0)
FNDA:7,(anonymous_1)
FNDA:2,(anonymous_2)
FNDA:3,(anonymous_3)
FNDA:0,(anonymous_4)
FNDA:3,(anonymous_5)
DA:1,1
DA:2,1
DA:5,1
DA:6,4
DA:8,4
DA:10,4
DA:12,4
DA:13,1
DA:16,7
DA:18,3
DA:19,1
DA:22,2
DA:30,2
DA:31,1
DA:33,1
DA:38,1
DA:39,2
DA:40,2
DA:43,1
DA:45,1
DA:50,1
DA:51,3
DA:52,3
DA:56,2
DA:57,1
DA:60,1
DA:62,1
DA:66,1
DA:67,0
DA:69,0
DA:70,0
DA:72,0
DA:73,0
DA:75,0
DA:76,0
DA:77,0
DA:78,0
DA:79,0
DA:81,0
DA:82,0
DA:84,0
DA:89,1
DA:90,3
DA:91,3
DA:93,2
DA:94,1
DA:97,1
DA:98,1
DA:100,1
DA:104,1
LF:50
LH:37
BRDA:12,0,0,1
BRDA:12,0,1,3
BRDA:18,1,0,1
BRDA:18,1,1,2
BRDA:56,2,0,1
BRDA:56,2,1,1
BRDA:72,3,0,0
BRDA:72,3,1,0
BRDA:75,4,0,0
BRDA:75,4,1,0
BRDA:76,5,0,0
BRDA:76,5,1,0
BRDA:77,6,0,0
BRDA:77,6,1,0
BRDA:78,7,0,0
BRDA:78,7,1,0
BRDA:79,8,0,0
BRDA:79,8,1,0
BRDA:93,9,0,1
BRDA:93,9,1,1
BRF:20
BRH:8
end_of_record
TN:
SF:src\controllers\userController.js
FN:9,(anonymous_0)
FN:16,(anonymous_1)
FN:56,(anonymous_2)
FN:85,(anonymous_3)
FN:101,(anonymous_4)
FN:143,(anonymous_5)
FN:170,(anonymous_6)
FNF:7
FNH:5
FNDA:2,(anonymous_0)
FNDA:2,(anonymous_1)
FNDA:2,(anonymous_2)
FNDA:2,(anonymous_3)
FNDA:0,(anonymous_4)
FNDA:0,(anonymous_5)
FNDA:2,(anonymous_6)
DA:1,1
DA:2,1
DA:3,1
DA:4,1
DA:5,1
DA:6,1
DA:9,1
DA:10,2
DA:16,1
DA:17,2
DA:19,2
DA:20,2
DA:22,2
DA:23,1
DA:25,1
DA:31,1
DA:32,1
DA:33,1
DA:38,1
DA:47,0
DA:50,0
DA:56,1
DA:57,2
DA:59,2
DA:60,2
DA:62,2
DA:63,1
DA:64,1
DA:69,1
DA:78,1
DA:81,0
DA:85,1
DA:88,2
DA:89,1
DA:92,2
DA:93,1
DA:94,1
DA:96,1
DA:101,1
DA:102,0
DA:104,0
DA:105,0
DA:106,0
DA:107,0
DA:110,0
DA:113,0
DA:114,0
DA:115,0
DA:118,0
DA:126,0
DA:127,0
DA:130,0
DA:136,0
DA:138,0
DA:143,1
DA:144,0
DA:146,0
DA:148,0
DA:153,0
DA:154,0
DA:158,0
DA:159,0
DA:160,0
DA:161,0
DA:163,0
DA:165,0
DA:170,1
DA:171,2
DA:173,2
DA:174,1
DA:177,1
DA:180,1
LF:72
LH:43
BRDA:22,0,0,1
BRDA:22,0,1,1
BRDA:31,1,0,1
BRDA:31,1,1,0
BRDA:62,2,0,1
BRDA:62,2,1,1
BRDA:62,3,0,2
BRDA:62,3,1,1
BRDA:88,4,0,1
BRDA:88,4,1,1
BRDA:88,5,0,2
BRDA:88,5,1,1
BRDA:92,6,0,1
BRDA:92,6,1,1
BRDA:106,7,0,0
BRDA:106,7,1,0
BRDA:153,8,0,0
BRDA:153,8,1,0
BRDA:173,9,0,1
BRDA:173,9,1,1
BRF:20
BRH:15
end_of_record
TN:
SF:src\middlewares\tokenBlacklist.js
FN:3,(anonymous_0)
FN:7,(anonymous_1)
FNF:2
FNH:0
FNDA:0,(anonymous_0)
FNDA:0,(anonymous_1)
DA:1,1
DA:3,1
DA:4,0
DA:7,1
DA:8,0
DA:11,1
LF:6
LH:4
BRF:0
BRH:0
end_of_record
TN:
SF:src\models\filmModel.js
FN:22,(anonymous_0)
FN:25,(anonymous_1)
FNF:2
FNH:0
FNDA:0,(anonymous_0)
FNDA:0,(anonymous_1)
DA:1,1
DA:3,1
DA:5,1
DA:23,0
DA:25,0
DA:36,1
DA:37,1
LF:7
LH:5
BRF:0
BRH:0
end_of_record
TN:
SF:src\models\reservationModel.js
FNF:0
FNH:0
DA:1,1
DA:3,1
DA:22,1
DA:23,1
LF:4
LH:4
BRF:0
BRH:0
end_of_record
TN:
SF:src\models\roomModel.js
FNF:0
FNH:0
DA:1,2
DA:3,2
DA:14,2
DA:30,2
DA:31,2
LF:5
LH:5
BRF:0
BRH:0
end_of_record
TN:
SF:src\models\seanceModel.js
FNF:0
FNH:0
DA:1,2
DA:3,2
DA:30,2
DA:31,2
LF:4
LH:4
BRF:0
BRH:0
end_of_record
TN:
SF:src\models\userModel.js
FN:42,(anonymous_0)
FN:51,(anonymous_1)
FNF:2
FNH:0
FNDA:0,(anonymous_0)
FNDA:0,(anonymous_1)
DA:1,2
DA:2,2
DA:4,2
DA:42,2
DA:43,0
DA:44,0
DA:46,0
DA:47,0
DA:51,2
DA:52,0
DA:55,2
DA:57,2
LF:12
LH:7
BRDA:43,0,0,0
BRDA:43,0,1,0
BRF:2
BRH:0
end_of_record
